[2021-08-20 00:18:31] [ERROR]: Protocol -> panic on decoder MultiMsg.ApplyDown : runtime error: index out of range [0] with length 0
goroutine 1296322 [running]:
runtime/debug.Stack(0x400076db58, 0x8e3d20, 0x40003d8078)
	runtime/debug/stack.go:24 +0x88
github.com/Mrs4s/MiraiGo/client.(*QQClient).netLoop.func1.1(0x400028e000, 0x400097e0f0)
	github.com/Mrs4s/MiraiGo@v0.0.0-20210726103104-1d68826cef0e/client/network.go:204 +0x50
panic(0x8e3d20, 0x40003d8078)
	runtime/panic.go:965 +0x154
github.com/Mrs4s/MiraiGo/client.decodeMultiApplyDownResponse(0x400028e000, 0x40002b40c0, 0x400076e400, 0x1e9, 0x1e9, 0x1, 0x4000391140, 0x0, 0x4000623f58)
	github.com/Mrs4s/MiraiGo@v0.0.0-20210726103104-1d68826cef0e/client/multimsg.go:122 +0x81c
github.com/Mrs4s/MiraiGo/client.(*QQClient).netLoop.func1(0x400028e000, 0x400097e0f0)
	github.com/Mrs4s/MiraiGo@v0.0.0-20210726103104-1d68826cef0e/client/network.go:211 +0x148
created by github.com/Mrs4s/MiraiGo/client.(*QQClient).netLoop
	github.com/Mrs4s/MiraiGo@v0.0.0-20210726103104-1d68826cef0e/client/network.go:201 +0x324
 
[2021-08-20 00:19:00] [WARNING]: 获取群历史消息失败: Packet timed out 
[2021-08-20 00:45:24] [ERROR]: Protocol -> panic on decoder MultiMsg.ApplyDown : runtime error: index out of range [0] with length 0
goroutine 1310224 [running]:
runtime/debug.Stack(0x400008fb58, 0x8e3d20, 0x4000037080)
	runtime/debug/stack.go:24 +0x88
github.com/Mrs4s/MiraiGo/client.(*QQClient).netLoop.func1.1(0x400028e000, 0x400007df40)
	github.com/Mrs4s/MiraiGo@v0.0.0-20210726103104-1d68826cef0e/client/network.go:204 +0x50
panic(0x8e3d20, 0x4000037080)
	runtime/panic.go:965 +0x154
github.com/Mrs4s/MiraiGo/client.decodeMultiApplyDownResponse(0x400028e000, 0x40002b1580, 0x40003898c0, 0x23d, 0x23d, 0x1, 0x40008b7ec0, 0x0, 0x4000623f58)
	github.com/Mrs4s/MiraiGo@v0.0.0-20210726103104-1d68826cef0e/client/multimsg.go:122 +0x81c
github.com/Mrs4s/MiraiGo/client.(*QQClient).netLoop.func1(0x400028e000, 0x400007df40)
	github.com/Mrs4s/MiraiGo@v0.0.0-20210726103104-1d68826cef0e/client/network.go:211 +0x148
created by github.com/Mrs4s/MiraiGo/client.(*QQClient).netLoop
	github.com/Mrs4s/MiraiGo@v0.0.0-20210726103104-1d68826cef0e/client/network.go:201 +0x324
 
[2021-08-20 00:45:53] [WARNING]: 获取群历史消息失败: Packet timed out 
[2021-08-20 04:27:57] [ERROR]: Protocol -> panic on decoder MultiMsg.ApplyDown : runtime error: index out of range [0] with length 0
goroutine 1429838 [running]:
runtime/debug.Stack(0x400008fb58, 0x8e3d20, 0x40003d8018)
	runtime/debug/stack.go:24 +0x88
github.com/Mrs4s/MiraiGo/client.(*QQClient).netLoop.func1.1(0x400028e000, 0x4000680a00)
	github.com/Mrs4s/MiraiGo@v0.0.0-20210726103104-1d68826cef0e/client/network.go:204 +0x50
panic(0x8e3d20, 0x40003d8018)
	runtime/panic.go:965 +0x154
github.com/Mrs4s/MiraiGo/client.decodeMultiApplyDownResponse(0x400028e000, 0x40002ae520, 0x400046a240, 0x23d, 0x23d, 0x1, 0x40002fe660, 0x0, 0x4000623f58)
	github.com/Mrs4s/MiraiGo@v0.0.0-20210726103104-1d68826cef0e/client/multimsg.go:122 +0x81c
github.com/Mrs4s/MiraiGo/client.(*QQClient).netLoop.func1(0x400028e000, 0x4000680a00)
	github.com/Mrs4s/MiraiGo@v0.0.0-20210726103104-1d68826cef0e/client/network.go:211 +0x148
created by github.com/Mrs4s/MiraiGo/client.(*QQClient).netLoop
	github.com/Mrs4s/MiraiGo@v0.0.0-20210726103104-1d68826cef0e/client/network.go:201 +0x324
 
[2021-08-20 04:28:26] [WARNING]: 获取群历史消息失败: Packet timed out 
[2021-08-20 05:15:42] [ERROR]: Protocol -> get msg error: 108  
[2021-08-20 05:15:42] [WARNING]: 获取群历史消息失败: get msg error: 108 msg:  
[2021-08-20 05:21:50] [ERROR]: Protocol -> get msg error: 108  
[2021-08-20 05:21:50] [WARNING]: 获取群历史消息失败: get msg error: 108 msg:  
[2021-08-20 05:24:41] [ERROR]: Protocol -> get msg error: 108  
[2021-08-20 05:24:41] [WARNING]: 获取群历史消息失败: get msg error: 108 msg:  
[2021-08-20 05:34:15] [ERROR]: Protocol -> get msg error: 108  
[2021-08-20 05:34:15] [WARNING]: 获取群历史消息失败: get msg error: 108 msg:  
[2021-08-20 05:56:24] [ERROR]: Protocol -> get msg error: 108  
[2021-08-20 05:56:24] [WARNING]: 获取群历史消息失败: get msg error: 108 msg:  
[2021-08-20 05:59:44] [ERROR]: Protocol -> get msg error: 108  
[2021-08-20 05:59:44] [WARNING]: 获取群历史消息失败: get msg error: 108 msg:  
[2021-08-20 06:06:53] [ERROR]: Protocol -> get msg error: 108  
[2021-08-20 06:06:53] [WARNING]: 获取群历史消息失败: get msg error: 108 msg:  
[2021-08-20 06:16:36] [ERROR]: Protocol -> get msg error: 108  
[2021-08-20 06:16:36] [WARNING]: 获取群历史消息失败: get msg error: 108 msg:  
[2021-08-20 06:18:09] [ERROR]: Protocol -> get msg error: 108  
[2021-08-20 06:18:09] [WARNING]: 获取群历史消息失败: get msg error: 108 msg:  
[2021-08-20 06:27:42] [ERROR]: Protocol -> panic on decoder MultiMsg.ApplyDown : runtime error: index out of range [0] with length 0
goroutine 1503667 [running]:
runtime/debug.Stack(0x400008fb58, 0x8e3d20, 0x4000037b18)
	runtime/debug/stack.go:24 +0x88
github.com/Mrs4s/MiraiGo/client.(*QQClient).netLoop.func1.1(0x400028e000, 0x400099f450)
	github.com/Mrs4s/MiraiGo@v0.0.0-20210726103104-1d68826cef0e/client/network.go:204 +0x50
panic(0x8e3d20, 0x4000037b18)
	runtime/panic.go:965 +0x154
github.com/Mrs4s/MiraiGo/client.decodeMultiApplyDownResponse(0x400028e000, 0x4000307e40, 0x400046bb00, 0x23b, 0x23b, 0x1, 0x4000abfa40, 0x0, 0x4000623f58)
	github.com/Mrs4s/MiraiGo@v0.0.0-20210726103104-1d68826cef0e/client/multimsg.go:122 +0x81c
github.com/Mrs4s/MiraiGo/client.(*QQClient).netLoop.func1(0x400028e000, 0x400099f450)
	github.com/Mrs4s/MiraiGo@v0.0.0-20210726103104-1d68826cef0e/client/network.go:211 +0x148
created by github.com/Mrs4s/MiraiGo/client.(*QQClient).netLoop
	github.com/Mrs4s/MiraiGo@v0.0.0-20210726103104-1d68826cef0e/client/network.go:201 +0x324
 
[2021-08-20 06:28:11] [WARNING]: 获取群历史消息失败: Packet timed out 
[2021-08-20 06:54:09] [ERROR]: Protocol -> panic on decoder MultiMsg.ApplyDown : runtime error: index out of range [0] with length 0
goroutine 1520446 [running]:
runtime/debug.Stack(0x400076db58, 0x8e3d20, 0x4000336078)
	runtime/debug/stack.go:24 +0x88
github.com/Mrs4s/MiraiGo/client.(*QQClient).netLoop.func1.1(0x400028e000, 0x40007b4000)
	github.com/Mrs4s/MiraiGo@v0.0.0-20210726103104-1d68826cef0e/client/network.go:204 +0x50
panic(0x8e3d20, 0x4000336078)
	runtime/panic.go:965 +0x154
github.com/Mrs4s/MiraiGo/client.decodeMultiApplyDownResponse(0x400028e000, 0x400029e020, 0x40000b4400, 0x1e7, 0x1e7, 0x1, 0x4000808d80, 0x0, 0x4000623f58)
	github.com/Mrs4s/MiraiGo@v0.0.0-20210726103104-1d68826cef0e/client/multimsg.go:122 +0x81c
github.com/Mrs4s/MiraiGo/client.(*QQClient).netLoop.func1(0x400028e000, 0x40007b4000)
	github.com/Mrs4s/MiraiGo@v0.0.0-20210726103104-1d68826cef0e/client/network.go:211 +0x148
created by github.com/Mrs4s/MiraiGo/client.(*QQClient).netLoop
	github.com/Mrs4s/MiraiGo@v0.0.0-20210726103104-1d68826cef0e/client/network.go:201 +0x324
 
[2021-08-20 06:54:38] [WARNING]: 获取群历史消息失败: Packet timed out 
[2021-08-20 06:55:14] [ERROR]: Protocol -> panic on decoder MultiMsg.ApplyDown : runtime error: index out of range [0] with length 0
goroutine 1520876 [running]:
runtime/debug.Stack(0x4000401b58, 0x8e3d20, 0x40003d81c8)
	runtime/debug/stack.go:24 +0x88
github.com/Mrs4s/MiraiGo/client.(*QQClient).netLoop.func1.1(0x400028e000, 0x4000977400)
	github.com/Mrs4s/MiraiGo@v0.0.0-20210726103104-1d68826cef0e/client/network.go:204 +0x50
panic(0x8e3d20, 0x40003d81c8)
	runtime/panic.go:965 +0x154
github.com/Mrs4s/MiraiGo/client.decodeMultiApplyDownResponse(0x400028e000, 0x40002a4c40, 0x400046a240, 0x23b, 0x23b, 0x1, 0x40008e73e0, 0x0, 0x4000623f58)
	github.com/Mrs4s/MiraiGo@v0.0.0-20210726103104-1d68826cef0e/client/multimsg.go:122 +0x81c
github.com/Mrs4s/MiraiGo/client.(*QQClient).netLoop.func1(0x400028e000, 0x4000977400)
	github.com/Mrs4s/MiraiGo@v0.0.0-20210726103104-1d68826cef0e/client/network.go:211 +0x148
created by github.com/Mrs4s/MiraiGo/client.(*QQClient).netLoop
	github.com/Mrs4s/MiraiGo@v0.0.0-20210726103104-1d68826cef0e/client/network.go:201 +0x324
 
[2021-08-20 06:55:43] [WARNING]: 获取群历史消息失败: Packet timed out 
[2021-08-20 07:01:44] [ERROR]: Protocol -> get msg error: 108  
[2021-08-20 07:01:44] [WARNING]: 获取群历史消息失败: get msg error: 108 msg:  
[2021-08-20 07:02:05] [ERROR]: Protocol -> get msg error: 108  
[2021-08-20 07:02:05] [WARNING]: 获取群历史消息失败: get msg error: 108 msg:  
[2021-08-20 07:03:31] [ERROR]: Protocol -> get msg error: 108  
[2021-08-20 07:03:31] [WARNING]: 获取群历史消息失败: get msg error: 108 msg:  
[2021-08-20 07:03:34] [ERROR]: Protocol -> get msg error: 108  
[2021-08-20 07:03:34] [WARNING]: 获取群历史消息失败: get msg error: 108 msg:  
[2021-08-20 07:05:09] [ERROR]: Protocol -> get msg error: 108  
[2021-08-20 07:05:09] [WARNING]: 获取群历史消息失败: get msg error: 108 msg:  
[2021-08-20 07:11:53] [ERROR]: Protocol -> get msg error: 108  
[2021-08-20 07:11:53] [WARNING]: 获取群历史消息失败: get msg error: 108 msg:  
[2021-08-20 07:12:04] [ERROR]: Protocol -> get msg error: 108  
[2021-08-20 07:12:04] [WARNING]: 获取群历史消息失败: get msg error: 108 msg:  
[2021-08-20 08:00:06] [ERROR]: Protocol -> get msg error: 108  
[2021-08-20 08:00:06] [WARNING]: 获取群历史消息失败: get msg error: 108 msg:  
[2021-08-20 08:00:06] [ERROR]: Protocol -> get msg error: 108  
[2021-08-20 08:00:06] [WARNING]: 获取群历史消息失败: get msg error: 108 msg:  
[2021-08-20 08:18:04] [ERROR]: Protocol -> get msg error: 108  
[2021-08-20 08:18:04] [WARNING]: 获取群历史消息失败: get msg error: 108 msg:  
[2021-08-20 09:00:04] [ERROR]: Protocol -> get msg error: 108  
[2021-08-20 09:00:04] [WARNING]: 获取群历史消息失败: get msg error: 108 msg:  
[2021-08-20 09:00:06] [ERROR]: Protocol -> get msg error: 108  
[2021-08-20 09:00:06] [WARNING]: 获取群历史消息失败: get msg error: 108 msg:  
[2021-08-20 09:00:06] [ERROR]: Protocol -> get msg error: 108  
[2021-08-20 09:00:06] [WARNING]: 获取群历史消息失败: get msg error: 108 msg:  
[2021-08-20 09:00:06] [ERROR]: Protocol -> get msg error: 108  
[2021-08-20 09:00:06] [WARNING]: 获取群历史消息失败: get msg error: 108 msg:  
[2021-08-20 12:51:50] [ERROR]: Protocol -> get msg error: 108  
[2021-08-20 12:51:50] [WARNING]: 获取群历史消息失败: get msg error: 108 msg:  
[2021-08-20 20:45:01] [ERROR]: Protocol -> get msg error: 108  
[2021-08-20 20:45:01] [WARNING]: 获取群历史消息失败: get msg error: 108 msg:  
