[2021-08-12 00:06:31] [ERROR]: Protocol -> panic on decoder MultiMsg.ApplyDown : runtime error: index out of range [0] with length 0
goroutine 438535 [running]:
runtime/debug.Stack(0x40007f1ae8, 0x8e3d20, 0x40003e80c0)
	runtime/debug/stack.go:24 +0x88
github.com/Mrs4s/MiraiGo/client.(*QQClient).netLoop.func1.1(0x40002c4000, 0x400092af00)
	github.com/Mrs4s/MiraiGo@v0.0.0-20210726103104-1d68826cef0e/client/network.go:204 +0x50
panic(0x8e3d20, 0x40003e80c0)
	runtime/panic.go:965 +0x154
github.com/Mrs4s/MiraiGo/client.decodeMultiApplyDownResponse.func1(0x400022f880, 0x4000443c20, 0x49, 0xa86d88)
	github.com/Mrs4s/MiraiGo@v0.0.0-20210726103104-1d68826cef0e/client/multimsg.go:101 +0x148
github.com/Mrs4s/MiraiGo/client.decodeMultiApplyDownResponse(0x40002c4000, 0x4000044780, 0x400025c730, 0x49, 0x49, 0x1, 0x400094f560, 0x0, 0x40009d2518)
	github.com/Mrs4s/MiraiGo@v0.0.0-20210726103104-1d68826cef0e/client/multimsg.go:102 +0x11c
github.com/Mrs4s/MiraiGo/client.(*QQClient).netLoop.func1(0x40002c4000, 0x400092af00)
	github.com/Mrs4s/MiraiGo@v0.0.0-20210726103104-1d68826cef0e/client/network.go:211 +0x148
created by github.com/Mrs4s/MiraiGo/client.(*QQClient).netLoop
	github.com/Mrs4s/MiraiGo@v0.0.0-20210726103104-1d68826cef0e/client/network.go:201 +0x324
 
[2021-08-12 00:07:00] [WARNING]: 获取群历史消息失败: Packet timed out 
[2021-08-12 00:07:15] [ERROR]: Protocol -> panic on decoder MultiMsg.ApplyDown : runtime error: index out of range [0] with length 0
goroutine 438775 [running]:
runtime/debug.Stack(0x40007f1ae8, 0x8e3d20, 0x4000122588)
	runtime/debug/stack.go:24 +0x88
github.com/Mrs4s/MiraiGo/client.(*QQClient).netLoop.func1.1(0x40002c4000, 0x4000b8a960)
	github.com/Mrs4s/MiraiGo@v0.0.0-20210726103104-1d68826cef0e/client/network.go:204 +0x50
panic(0x8e3d20, 0x4000122588)
	runtime/panic.go:965 +0x154
github.com/Mrs4s/MiraiGo/client.decodeMultiApplyDownResponse.func1(0x4000323420, 0x40009613e0, 0x49, 0xa86d88)
	github.com/Mrs4s/MiraiGo@v0.0.0-20210726103104-1d68826cef0e/client/multimsg.go:101 +0x148
github.com/Mrs4s/MiraiGo/client.decodeMultiApplyDownResponse(0x40002c4000, 0x400014ae20, 0x40003c4c30, 0x49, 0x49, 0x1, 0x4000333980, 0x0, 0x40003984d8)
	github.com/Mrs4s/MiraiGo@v0.0.0-20210726103104-1d68826cef0e/client/multimsg.go:102 +0x11c
github.com/Mrs4s/MiraiGo/client.(*QQClient).netLoop.func1(0x40002c4000, 0x4000b8a960)
	github.com/Mrs4s/MiraiGo@v0.0.0-20210726103104-1d68826cef0e/client/network.go:211 +0x148
created by github.com/Mrs4s/MiraiGo/client.(*QQClient).netLoop
	github.com/Mrs4s/MiraiGo@v0.0.0-20210726103104-1d68826cef0e/client/network.go:201 +0x324
 
[2021-08-12 00:07:44] [WARNING]: 获取群历史消息失败: Packet timed out 
[2021-08-12 01:39:55] [ERROR]: Protocol -> panic on decoder MultiMsg.ApplyDown : runtime error: index out of range [0] with length 0
goroutine 528689 [running]:
runtime/debug.Stack(0x4000b31b58, 0x8e3d20, 0x40003e8030)
	runtime/debug/stack.go:24 +0x88
github.com/Mrs4s/MiraiGo/client.(*QQClient).netLoop.func1.1(0x40002c4000, 0x4000b75310)
	github.com/Mrs4s/MiraiGo@v0.0.0-20210726103104-1d68826cef0e/client/network.go:204 +0x50
panic(0x8e3d20, 0x40003e8030)
	runtime/panic.go:965 +0x154
github.com/Mrs4s/MiraiGo/client.decodeMultiApplyDownResponse(0x40002c4000, 0x400014a8c0, 0x40003e4900, 0x23f, 0x23f, 0x1, 0x4000961860, 0x0, 0x4000b025d8)
	github.com/Mrs4s/MiraiGo@v0.0.0-20210726103104-1d68826cef0e/client/multimsg.go:122 +0x81c
github.com/Mrs4s/MiraiGo/client.(*QQClient).netLoop.func1(0x40002c4000, 0x4000b75310)
	github.com/Mrs4s/MiraiGo@v0.0.0-20210726103104-1d68826cef0e/client/network.go:211 +0x148
created by github.com/Mrs4s/MiraiGo/client.(*QQClient).netLoop
	github.com/Mrs4s/MiraiGo@v0.0.0-20210726103104-1d68826cef0e/client/network.go:201 +0x324
 
[2021-08-12 01:40:24] [WARNING]: 获取群历史消息失败: Packet timed out 
[2021-08-12 02:00:25] [ERROR]: Protocol -> panic on decoder MultiMsg.ApplyDown : runtime error: index out of range [0] with length 0
goroutine 548194 [running]:
runtime/debug.Stack(0x4000699b58, 0x8e3d20, 0x400054b7e8)
	runtime/debug/stack.go:24 +0x88
github.com/Mrs4s/MiraiGo/client.(*QQClient).netLoop.func1.1(0x40002c4000, 0x400092b040)
	github.com/Mrs4s/MiraiGo@v0.0.0-20210726103104-1d68826cef0e/client/network.go:204 +0x50
panic(0x8e3d20, 0x400054b7e8)
	runtime/panic.go:965 +0x154
github.com/Mrs4s/MiraiGo/client.decodeMultiApplyDownResponse(0x40002c4000, 0x40002db4c0, 0x4000386fc0, 0x23f, 0x23f, 0x1, 0x4000b40780, 0x0, 0x400091c798)
	github.com/Mrs4s/MiraiGo@v0.0.0-20210726103104-1d68826cef0e/client/multimsg.go:122 +0x81c
github.com/Mrs4s/MiraiGo/client.(*QQClient).netLoop.func1(0x40002c4000, 0x400092b040)
	github.com/Mrs4s/MiraiGo@v0.0.0-20210726103104-1d68826cef0e/client/network.go:211 +0x148
created by github.com/Mrs4s/MiraiGo/client.(*QQClient).netLoop
	github.com/Mrs4s/MiraiGo@v0.0.0-20210726103104-1d68826cef0e/client/network.go:201 +0x324
 
[2021-08-12 02:00:54] [WARNING]: 获取群历史消息失败: Packet timed out 
[2021-08-12 03:16:42] [ERROR]: Protocol -> panic on decoder MultiMsg.ApplyDown : runtime error: index out of range [0] with length 0
goroutine 622179 [running]:
runtime/debug.Stack(0x400082fb58, 0x8e3d20, 0x4000036288)
	runtime/debug/stack.go:24 +0x88
github.com/Mrs4s/MiraiGo/client.(*QQClient).netLoop.func1.1(0x40002c4000, 0x4000b75270)
	github.com/Mrs4s/MiraiGo@v0.0.0-20210726103104-1d68826cef0e/client/network.go:204 +0x50
panic(0x8e3d20, 0x4000036288)
	runtime/panic.go:965 +0x154
github.com/Mrs4s/MiraiGo/client.decodeMultiApplyDownResponse(0x40002c4000, 0x40002de7e0, 0x4000812240, 0x23f, 0x23f, 0x1, 0x40009a61e0, 0x0, 0x40002b8258)
	github.com/Mrs4s/MiraiGo@v0.0.0-20210726103104-1d68826cef0e/client/multimsg.go:122 +0x81c
github.com/Mrs4s/MiraiGo/client.(*QQClient).netLoop.func1(0x40002c4000, 0x4000b75270)
	github.com/Mrs4s/MiraiGo@v0.0.0-20210726103104-1d68826cef0e/client/network.go:211 +0x148
created by github.com/Mrs4s/MiraiGo/client.(*QQClient).netLoop
	github.com/Mrs4s/MiraiGo@v0.0.0-20210726103104-1d68826cef0e/client/network.go:201 +0x324
 
[2021-08-12 03:17:11] [WARNING]: 获取群历史消息失败: Packet timed out 
[2021-08-12 03:19:00] [ERROR]: Protocol -> panic on decoder MultiMsg.ApplyDown : runtime error: index out of range [0] with length 0
goroutine 623868 [running]:
runtime/debug.Stack(0x4000a99b58, 0x8e3d20, 0x40003e80f0)
	runtime/debug/stack.go:24 +0x88
github.com/Mrs4s/MiraiGo/client.(*QQClient).netLoop.func1.1(0x40002c4000, 0x4000855630)
	github.com/Mrs4s/MiraiGo@v0.0.0-20210726103104-1d68826cef0e/client/network.go:204 +0x50
panic(0x8e3d20, 0x40003e80f0)
	runtime/panic.go:965 +0x154
github.com/Mrs4s/MiraiGo/client.decodeMultiApplyDownResponse(0x40002c4000, 0x400033a500, 0x4000aee240, 0x23f, 0x23f, 0x1, 0x400089fc80, 0x0, 0x40002ff218)
	github.com/Mrs4s/MiraiGo@v0.0.0-20210726103104-1d68826cef0e/client/multimsg.go:122 +0x81c
github.com/Mrs4s/MiraiGo/client.(*QQClient).netLoop.func1(0x40002c4000, 0x4000855630)
	github.com/Mrs4s/MiraiGo@v0.0.0-20210726103104-1d68826cef0e/client/network.go:211 +0x148
created by github.com/Mrs4s/MiraiGo/client.(*QQClient).netLoop
	github.com/Mrs4s/MiraiGo@v0.0.0-20210726103104-1d68826cef0e/client/network.go:201 +0x324
 
[2021-08-12 03:19:29] [WARNING]: 获取群历史消息失败: Packet timed out 
[2021-08-12 06:17:03] [ERROR]: Protocol -> panic on decoder MultiMsg.ApplyDown : runtime error: index out of range [0] with length 0
goroutine 796595 [running]:
runtime/debug.Stack(0x400085db58, 0x8e3d20, 0x40003e8000)
	runtime/debug/stack.go:24 +0x88
github.com/Mrs4s/MiraiGo/client.(*QQClient).netLoop.func1.1(0x40002c4000, 0x40007b54f0)
	github.com/Mrs4s/MiraiGo@v0.0.0-20210726103104-1d68826cef0e/client/network.go:204 +0x50
panic(0x8e3d20, 0x40003e8000)
	runtime/panic.go:965 +0x154
github.com/Mrs4s/MiraiGo/client.decodeMultiApplyDownResponse(0x40002c4000, 0x40002d4740, 0x40003866c0, 0x23f, 0x23f, 0x1, 0x40007a9a40, 0x0, 0x40002b8058)
	github.com/Mrs4s/MiraiGo@v0.0.0-20210726103104-1d68826cef0e/client/multimsg.go:122 +0x81c
github.com/Mrs4s/MiraiGo/client.(*QQClient).netLoop.func1(0x40002c4000, 0x40007b54f0)
	github.com/Mrs4s/MiraiGo@v0.0.0-20210726103104-1d68826cef0e/client/network.go:211 +0x148
created by github.com/Mrs4s/MiraiGo/client.(*QQClient).netLoop
	github.com/Mrs4s/MiraiGo@v0.0.0-20210726103104-1d68826cef0e/client/network.go:201 +0x324
 
[2021-08-12 06:17:32] [WARNING]: 获取群历史消息失败: Packet timed out 
[2021-08-12 07:00:02] [ERROR]: Protocol -> panic on decoder MultiMsg.ApplyDown : runtime error: index out of range [0] with length 0
goroutine 838132 [running]:
runtime/debug.Stack(0x4000105ae8, 0x8e3d20, 0x400054b848)
	runtime/debug/stack.go:24 +0x88
github.com/Mrs4s/MiraiGo/client.(*QQClient).netLoop.func1.1(0x40002c4000, 0x40007b5400)
	github.com/Mrs4s/MiraiGo@v0.0.0-20210726103104-1d68826cef0e/client/network.go:204 +0x50
panic(0x8e3d20, 0x400054b848)
	runtime/panic.go:965 +0x154
github.com/Mrs4s/MiraiGo/client.decodeMultiApplyDownResponse.func1(0x400022f340, 0x4000539a40, 0x49, 0xa86d88)
	github.com/Mrs4s/MiraiGo@v0.0.0-20210726103104-1d68826cef0e/client/multimsg.go:101 +0x148
github.com/Mrs4s/MiraiGo/client.decodeMultiApplyDownResponse(0x40002c4000, 0x40000441c0, 0x40004c2050, 0x49, 0x49, 0x1, 0x4000539e60, 0x0, 0x4000398458)
	github.com/Mrs4s/MiraiGo@v0.0.0-20210726103104-1d68826cef0e/client/multimsg.go:102 +0x11c
github.com/Mrs4s/MiraiGo/client.(*QQClient).netLoop.func1(0x40002c4000, 0x40007b5400)
	github.com/Mrs4s/MiraiGo@v0.0.0-20210726103104-1d68826cef0e/client/network.go:211 +0x148
created by github.com/Mrs4s/MiraiGo/client.(*QQClient).netLoop
	github.com/Mrs4s/MiraiGo@v0.0.0-20210726103104-1d68826cef0e/client/network.go:201 +0x324
 
[2021-08-12 07:00:31] [WARNING]: 获取群历史消息失败: Packet timed out 
[2021-08-12 08:31:08] [ERROR]: Protocol -> get msg error: 108  
[2021-08-12 08:31:08] [WARNING]: 获取群历史消息失败: get msg error: 108 msg:  
[2021-08-12 08:31:10] [ERROR]: Protocol -> get msg error: 108  
[2021-08-12 08:31:10] [WARNING]: 获取群历史消息失败: get msg error: 108 msg:  
[2021-08-12 08:31:10] [ERROR]: Protocol -> get msg error: 108  
[2021-08-12 08:31:10] [WARNING]: 获取群历史消息失败: get msg error: 108 msg:  
[2021-08-12 08:31:11] [ERROR]: Protocol -> get msg error: 108  
[2021-08-12 08:31:11] [WARNING]: 获取群历史消息失败: get msg error: 108 msg:  
[2021-08-12 08:31:11] [ERROR]: Protocol -> get msg error: 108  
[2021-08-12 08:31:11] [WARNING]: 获取群历史消息失败: get msg error: 108 msg:  
[2021-08-12 08:37:40] [ERROR]: Protocol -> get msg error: 108  
[2021-08-12 08:37:40] [WARNING]: 获取群历史消息失败: get msg error: 108 msg:  
[2021-08-12 08:37:41] [ERROR]: Protocol -> get msg error: 108  
[2021-08-12 08:37:41] [WARNING]: 获取群历史消息失败: get msg error: 108 msg:  
[2021-08-12 08:37:41] [ERROR]: Protocol -> get msg error: 108  
[2021-08-12 08:37:41] [WARNING]: 获取群历史消息失败: get msg error: 108 msg:  
[2021-08-12 08:37:42] [ERROR]: Protocol -> get msg error: 108  
[2021-08-12 08:37:42] [WARNING]: 获取群历史消息失败: get msg error: 108 msg:  
[2021-08-12 08:37:42] [ERROR]: Protocol -> get msg error: 108  
[2021-08-12 08:37:42] [WARNING]: 获取群历史消息失败: get msg error: 108 msg:  
[2021-08-12 08:37:44] [ERROR]: Protocol -> get msg error: 108  
[2021-08-12 08:37:44] [WARNING]: 获取群历史消息失败: get msg error: 108 msg:  
[2021-08-12 08:37:44] [ERROR]: Protocol -> get msg error: 108  
[2021-08-12 08:37:44] [WARNING]: 获取群历史消息失败: get msg error: 108 msg:  
[2021-08-12 08:49:07] [ERROR]: Protocol -> get msg error: 108  
[2021-08-12 08:49:07] [WARNING]: 获取群历史消息失败: get msg error: 108 msg:  
[2021-08-12 09:02:19] [ERROR]: Protocol -> get msg error: 108  
[2021-08-12 09:02:19] [WARNING]: 获取群历史消息失败: get msg error: 108 msg:  
[2021-08-12 09:02:20] [ERROR]: Protocol -> get msg error: 108  
[2021-08-12 09:02:20] [WARNING]: 获取群历史消息失败: get msg error: 108 msg:  
[2021-08-12 09:02:20] [ERROR]: Protocol -> get msg error: 108  
[2021-08-12 09:02:20] [WARNING]: 获取群历史消息失败: get msg error: 108 msg:  
[2021-08-12 09:04:02] [ERROR]: Protocol -> get msg error: 108  
[2021-08-12 09:04:02] [WARNING]: 获取群历史消息失败: get msg error: 108 msg:  
[2021-08-12 09:05:23] [ERROR]: Protocol -> get msg error: 108  
[2021-08-12 09:05:23] [WARNING]: 获取群历史消息失败: get msg error: 108 msg:  
[2021-08-12 09:05:24] [ERROR]: Protocol -> get msg error: 108  
[2021-08-12 09:05:24] [WARNING]: 获取群历史消息失败: get msg error: 108 msg:  
[2021-08-12 09:05:24] [ERROR]: Protocol -> get msg error: 108  
[2021-08-12 09:05:24] [WARNING]: 获取群历史消息失败: get msg error: 108 msg:  
[2021-08-12 09:05:27] [ERROR]: Protocol -> get msg error: 108  
[2021-08-12 09:05:27] [WARNING]: 获取群历史消息失败: get msg error: 108 msg:  
[2021-08-12 09:08:41] [ERROR]: Protocol -> get msg error: 108  
[2021-08-12 09:08:41] [WARNING]: 获取群历史消息失败: get msg error: 108 msg:  
[2021-08-12 09:08:42] [ERROR]: Protocol -> get msg error: 108  
[2021-08-12 09:08:42] [WARNING]: 获取群历史消息失败: get msg error: 108 msg:  
[2021-08-12 09:08:42] [ERROR]: Protocol -> get msg error: 108  
[2021-08-12 09:08:42] [WARNING]: 获取群历史消息失败: get msg error: 108 msg:  
[2021-08-12 09:09:30] [ERROR]: Protocol -> get msg error: 108  
[2021-08-12 09:09:30] [WARNING]: 获取群历史消息失败: get msg error: 108 msg:  
[2021-08-12 09:10:09] [ERROR]: Protocol -> get msg error: 108  
[2021-08-12 09:10:09] [WARNING]: 获取群历史消息失败: get msg error: 108 msg:  
[2021-08-12 09:10:44] [ERROR]: Protocol -> get msg error: 108  
[2021-08-12 09:10:44] [WARNING]: 获取群历史消息失败: get msg error: 108 msg:  
[2021-08-12 09:10:46] [ERROR]: Protocol -> get msg error: 108  
[2021-08-12 09:10:46] [WARNING]: 获取群历史消息失败: get msg error: 108 msg:  
[2021-08-12 09:10:46] [ERROR]: Protocol -> get msg error: 108  
[2021-08-12 09:10:46] [WARNING]: 获取群历史消息失败: get msg error: 108 msg:  
[2021-08-12 09:10:46] [ERROR]: Protocol -> get msg error: 108  
[2021-08-12 09:10:46] [WARNING]: 获取群历史消息失败: get msg error: 108 msg:  
[2021-08-12 09:10:47] [ERROR]: Protocol -> get msg error: 108  
[2021-08-12 09:10:47] [WARNING]: 获取群历史消息失败: get msg error: 108 msg:  
[2021-08-12 09:10:48] [ERROR]: Protocol -> get msg error: 108  
[2021-08-12 09:10:48] [WARNING]: 获取群历史消息失败: get msg error: 108 msg:  
[2021-08-12 09:10:49] [ERROR]: Protocol -> get msg error: 108  
[2021-08-12 09:10:49] [WARNING]: 获取群历史消息失败: get msg error: 108 msg:  
[2021-08-12 09:10:49] [ERROR]: Protocol -> get msg error: 108  
[2021-08-12 09:10:49] [WARNING]: 获取群历史消息失败: get msg error: 108 msg:  
[2021-08-12 09:10:50] [ERROR]: Protocol -> get msg error: 108  
[2021-08-12 09:10:50] [WARNING]: 获取群历史消息失败: get msg error: 108 msg:  
[2021-08-12 09:12:16] [ERROR]: Protocol -> get msg error: 108  
[2021-08-12 09:12:16] [WARNING]: 获取群历史消息失败: get msg error: 108 msg:  
[2021-08-12 09:12:48] [ERROR]: Protocol -> get msg error: 108  
[2021-08-12 09:12:48] [WARNING]: 获取群历史消息失败: get msg error: 108 msg:  
[2021-08-12 09:12:49] [ERROR]: Protocol -> get msg error: 108  
[2021-08-12 09:12:49] [WARNING]: 获取群历史消息失败: get msg error: 108 msg:  
[2021-08-12 09:12:49] [ERROR]: Protocol -> get msg error: 108  
[2021-08-12 09:12:49] [WARNING]: 获取群历史消息失败: get msg error: 108 msg:  
[2021-08-12 09:12:51] [ERROR]: Protocol -> get msg error: 108  
[2021-08-12 09:12:51] [WARNING]: 获取群历史消息失败: get msg error: 108 msg:  
[2021-08-12 09:12:52] [ERROR]: Protocol -> get msg error: 108  
[2021-08-12 09:12:52] [WARNING]: 获取群历史消息失败: get msg error: 108 msg:  
[2021-08-12 09:12:52] [ERROR]: Protocol -> get msg error: 108  
[2021-08-12 09:12:52] [WARNING]: 获取群历史消息失败: get msg error: 108 msg:  
[2021-08-12 09:12:53] [ERROR]: Protocol -> get msg error: 108  
[2021-08-12 09:12:53] [WARNING]: 获取群历史消息失败: get msg error: 108 msg:  
[2021-08-12 09:12:53] [ERROR]: Protocol -> get msg error: 108  
[2021-08-12 09:12:53] [WARNING]: 获取群历史消息失败: get msg error: 108 msg:  
[2021-08-12 09:12:55] [ERROR]: Protocol -> get msg error: 108  
[2021-08-12 09:12:55] [WARNING]: 获取群历史消息失败: get msg error: 108 msg:  
[2021-08-12 09:12:55] [ERROR]: Protocol -> get msg error: 108  
[2021-08-12 09:12:55] [WARNING]: 获取群历史消息失败: get msg error: 108 msg:  
[2021-08-12 09:25:29] [ERROR]: Protocol -> get msg error: 108  
[2021-08-12 09:25:29] [WARNING]: 获取群历史消息失败: get msg error: 108 msg:  
[2021-08-12 09:25:29] [ERROR]: Protocol -> get msg error: 108  
[2021-08-12 09:25:29] [WARNING]: 获取群历史消息失败: get msg error: 108 msg:  
[2021-08-12 09:25:30] [ERROR]: Protocol -> get msg error: 108  
[2021-08-12 09:25:30] [WARNING]: 获取群历史消息失败: get msg error: 108 msg:  
[2021-08-12 09:25:33] [ERROR]: Protocol -> get msg error: 108  
[2021-08-12 09:25:33] [WARNING]: 获取群历史消息失败: get msg error: 108 msg:  
[2021-08-12 09:27:00] [ERROR]: Protocol -> get msg error: 108  
[2021-08-12 09:27:00] [WARNING]: 获取群历史消息失败: get msg error: 108 msg:  
[2021-08-12 09:27:31] [ERROR]: Protocol -> get msg error: 108  
[2021-08-12 09:27:31] [WARNING]: 获取群历史消息失败: get msg error: 108 msg:  
[2021-08-12 09:27:33] [ERROR]: Protocol -> get msg error: 108  
[2021-08-12 09:27:33] [WARNING]: 获取群历史消息失败: get msg error: 108 msg:  
[2021-08-12 09:27:33] [ERROR]: Protocol -> get msg error: 108  
[2021-08-12 09:27:33] [WARNING]: 获取群历史消息失败: get msg error: 108 msg:  
[2021-08-12 09:27:34] [ERROR]: Protocol -> get msg error: 108  
[2021-08-12 09:27:34] [WARNING]: 获取群历史消息失败: get msg error: 108 msg:  
[2021-08-12 09:27:36] [ERROR]: Protocol -> get msg error: 108  
[2021-08-12 09:27:36] [WARNING]: 获取群历史消息失败: get msg error: 108 msg:  
[2021-08-12 09:27:38] [ERROR]: Protocol -> get msg error: 108  
[2021-08-12 09:27:38] [WARNING]: 获取群历史消息失败: get msg error: 108 msg:  
[2021-08-12 09:29:11] [ERROR]: Protocol -> get msg error: 108  
[2021-08-12 09:29:11] [WARNING]: 获取群历史消息失败: get msg error: 108 msg:  
[2021-08-12 09:29:37] [ERROR]: Protocol -> get msg error: 108  
[2021-08-12 09:29:37] [WARNING]: 获取群历史消息失败: get msg error: 108 msg:  
[2021-08-12 09:29:38] [ERROR]: Protocol -> get msg error: 108  
[2021-08-12 09:29:38] [WARNING]: 获取群历史消息失败: get msg error: 108 msg:  
[2021-08-12 09:29:39] [ERROR]: Protocol -> get msg error: 108  
[2021-08-12 09:29:39] [WARNING]: 获取群历史消息失败: get msg error: 108 msg:  
[2021-08-12 09:29:39] [ERROR]: Protocol -> get msg error: 108  
[2021-08-12 09:29:39] [WARNING]: 获取群历史消息失败: get msg error: 108 msg:  
[2021-08-12 09:29:40] [ERROR]: Protocol -> get msg error: 108  
[2021-08-12 09:29:40] [WARNING]: 获取群历史消息失败: get msg error: 108 msg:  
[2021-08-12 09:29:42] [ERROR]: Protocol -> get msg error: 108  
[2021-08-12 09:29:42] [WARNING]: 获取群历史消息失败: get msg error: 108 msg:  
[2021-08-12 09:29:43] [ERROR]: Protocol -> get msg error: 108  
[2021-08-12 09:29:43] [WARNING]: 获取群历史消息失败: get msg error: 108 msg:  
[2021-08-12 09:50:01] [ERROR]: Protocol -> get msg error: 108  
[2021-08-12 09:50:01] [WARNING]: 获取群历史消息失败: get msg error: 108 msg:  
[2021-08-12 09:50:02] [ERROR]: Protocol -> get msg error: 108  
[2021-08-12 09:50:02] [WARNING]: 获取群历史消息失败: get msg error: 108 msg:  
[2021-08-12 09:50:03] [ERROR]: Protocol -> get msg error: 108  
[2021-08-12 09:50:03] [WARNING]: 获取群历史消息失败: get msg error: 108 msg:  
[2021-08-12 09:50:03] [ERROR]: Protocol -> get msg error: 108  
[2021-08-12 09:50:03] [WARNING]: 获取群历史消息失败: get msg error: 108 msg:  
[2021-08-12 09:50:05] [ERROR]: Protocol -> get msg error: 108  
[2021-08-12 09:50:05] [WARNING]: 获取群历史消息失败: get msg error: 108 msg:  
[2021-08-12 09:50:06] [ERROR]: Protocol -> get msg error: 108  
[2021-08-12 09:50:06] [WARNING]: 获取群历史消息失败: get msg error: 108 msg:  
[2021-08-12 10:06:41] [ERROR]: Protocol -> get msg error: 108  
[2021-08-12 10:06:41] [WARNING]: 获取群历史消息失败: get msg error: 108 msg:  
[2021-08-12 10:06:42] [ERROR]: Protocol -> get msg error: 108  
[2021-08-12 10:06:42] [WARNING]: 获取群历史消息失败: get msg error: 108 msg:  
[2021-08-12 10:06:42] [ERROR]: Protocol -> get msg error: 108  
[2021-08-12 10:06:42] [WARNING]: 获取群历史消息失败: get msg error: 108 msg:  
[2021-08-12 10:06:43] [ERROR]: Protocol -> get msg error: 108  
[2021-08-12 10:06:43] [WARNING]: 获取群历史消息失败: get msg error: 108 msg:  
[2021-08-12 10:09:45] [ERROR]: Protocol -> get msg error: 108  
[2021-08-12 10:09:45] [WARNING]: 获取群历史消息失败: get msg error: 108 msg:  
[2021-08-12 10:09:46] [ERROR]: Protocol -> get msg error: 108  
[2021-08-12 10:09:46] [WARNING]: 获取群历史消息失败: get msg error: 108 msg:  
[2021-08-12 10:09:47] [ERROR]: Protocol -> get msg error: 108  
[2021-08-12 10:09:47] [WARNING]: 获取群历史消息失败: get msg error: 108 msg:  
[2021-08-12 10:09:47] [ERROR]: Protocol -> get msg error: 108  
[2021-08-12 10:09:47] [WARNING]: 获取群历史消息失败: get msg error: 108 msg:  
[2021-08-12 10:09:48] [ERROR]: Protocol -> get msg error: 108  
[2021-08-12 10:09:48] [WARNING]: 获取群历史消息失败: get msg error: 108 msg:  
[2021-08-12 10:09:48] [ERROR]: Protocol -> get msg error: 108  
[2021-08-12 10:09:48] [WARNING]: 获取群历史消息失败: get msg error: 108 msg:  
[2021-08-12 10:09:49] [ERROR]: Protocol -> get msg error: 108  
[2021-08-12 10:09:49] [WARNING]: 获取群历史消息失败: get msg error: 108 msg:  
[2021-08-12 10:13:50] [ERROR]: Protocol -> get msg error: 108  
[2021-08-12 10:13:50] [WARNING]: 获取群历史消息失败: get msg error: 108 msg:  
[2021-08-12 10:32:44] [ERROR]: Protocol -> get msg error: 108  
[2021-08-12 10:32:44] [WARNING]: 获取群历史消息失败: get msg error: 108 msg:  
[2021-08-12 10:32:44] [ERROR]: Protocol -> get msg error: 108  
[2021-08-12 10:32:44] [WARNING]: 获取群历史消息失败: get msg error: 108 msg:  
[2021-08-12 10:32:45] [ERROR]: Protocol -> get msg error: 108  
[2021-08-12 10:32:45] [WARNING]: 获取群历史消息失败: get msg error: 108 msg:  
[2021-08-12 10:32:45] [ERROR]: Protocol -> get msg error: 108  
[2021-08-12 10:32:45] [WARNING]: 获取群历史消息失败: get msg error: 108 msg:  
[2021-08-12 10:32:46] [ERROR]: Protocol -> get msg error: 108  
[2021-08-12 10:32:46] [WARNING]: 获取群历史消息失败: get msg error: 108 msg:  
[2021-08-12 10:35:47] [ERROR]: Protocol -> get msg error: 108  
[2021-08-12 10:35:47] [WARNING]: 获取群历史消息失败: get msg error: 108 msg:  
[2021-08-12 10:35:48] [ERROR]: Protocol -> get msg error: 108  
[2021-08-12 10:35:48] [WARNING]: 获取群历史消息失败: get msg error: 108 msg:  
[2021-08-12 10:35:49] [ERROR]: Protocol -> get msg error: 108  
[2021-08-12 10:35:49] [WARNING]: 获取群历史消息失败: get msg error: 108 msg:  
[2021-08-12 10:35:50] [ERROR]: Protocol -> get msg error: 108  
[2021-08-12 10:35:50] [WARNING]: 获取群历史消息失败: get msg error: 108 msg:  
[2021-08-12 10:38:53] [ERROR]: Protocol -> get msg error: 108  
[2021-08-12 10:38:53] [WARNING]: 获取群历史消息失败: get msg error: 108 msg:  
[2021-08-12 10:38:54] [ERROR]: Protocol -> get msg error: 108  
[2021-08-12 10:38:54] [WARNING]: 获取群历史消息失败: get msg error: 108 msg:  
[2021-08-12 10:38:54] [ERROR]: Protocol -> get msg error: 108  
[2021-08-12 10:38:54] [WARNING]: 获取群历史消息失败: get msg error: 108 msg:  
[2021-08-12 10:38:54] [ERROR]: Protocol -> get msg error: 108  
[2021-08-12 10:38:54] [WARNING]: 获取群历史消息失败: get msg error: 108 msg:  
[2021-08-12 10:38:55] [ERROR]: Protocol -> get msg error: 108  
[2021-08-12 10:38:55] [WARNING]: 获取群历史消息失败: get msg error: 108 msg:  
[2021-08-12 10:38:55] [ERROR]: Protocol -> get msg error: 108  
[2021-08-12 10:38:55] [WARNING]: 获取群历史消息失败: get msg error: 108 msg:  
[2021-08-12 10:38:56] [ERROR]: Protocol -> get msg error: 108  
[2021-08-12 10:38:56] [WARNING]: 获取群历史消息失败: get msg error: 108 msg:  
[2021-08-12 10:38:57] [ERROR]: Protocol -> get msg error: 108  
[2021-08-12 10:38:57] [WARNING]: 获取群历史消息失败: get msg error: 108 msg:  
[2021-08-12 10:40:55] [ERROR]: Protocol -> get msg error: 108  
[2021-08-12 10:40:55] [WARNING]: 获取群历史消息失败: get msg error: 108 msg:  
[2021-08-12 10:40:56] [ERROR]: Protocol -> get msg error: 108  
[2021-08-12 10:40:56] [WARNING]: 获取群历史消息失败: get msg error: 108 msg:  
[2021-08-12 10:40:57] [ERROR]: Protocol -> get msg error: 108  
[2021-08-12 10:40:57] [WARNING]: 获取群历史消息失败: get msg error: 108 msg:  
[2021-08-12 10:40:57] [ERROR]: Protocol -> get msg error: 108  
[2021-08-12 10:40:57] [WARNING]: 获取群历史消息失败: get msg error: 108 msg:  
[2021-08-12 10:40:58] [ERROR]: Protocol -> get msg error: 108  
[2021-08-12 10:40:58] [WARNING]: 获取群历史消息失败: get msg error: 108 msg:  
[2021-08-12 10:40:58] [ERROR]: Protocol -> get msg error: 108  
[2021-08-12 10:40:58] [WARNING]: 获取群历史消息失败: get msg error: 108 msg:  
[2021-08-12 10:40:59] [ERROR]: Protocol -> get msg error: 108  
[2021-08-12 10:40:59] [WARNING]: 获取群历史消息失败: get msg error: 108 msg:  
[2021-08-12 10:41:00] [ERROR]: Protocol -> get msg error: 108  
[2021-08-12 10:41:00] [WARNING]: 获取群历史消息失败: get msg error: 108 msg:  
[2021-08-12 10:41:02] [ERROR]: Protocol -> get msg error: 108  
[2021-08-12 10:41:02] [WARNING]: 获取群历史消息失败: get msg error: 108 msg:  
[2021-08-12 10:41:03] [ERROR]: Protocol -> get msg error: 108  
[2021-08-12 10:41:03] [WARNING]: 获取群历史消息失败: get msg error: 108 msg:  
[2021-08-12 10:43:01] [ERROR]: Protocol -> get msg error: 108  
[2021-08-12 10:43:01] [WARNING]: 获取群历史消息失败: get msg error: 108 msg:  
[2021-08-12 10:43:02] [ERROR]: Protocol -> get msg error: 108  
[2021-08-12 10:43:02] [WARNING]: 获取群历史消息失败: get msg error: 108 msg:  
[2021-08-12 10:43:03] [ERROR]: Protocol -> get msg error: 108  
[2021-08-12 10:43:03] [WARNING]: 获取群历史消息失败: get msg error: 108 msg:  
[2021-08-12 10:43:04] [ERROR]: Protocol -> get msg error: 108  
[2021-08-12 10:43:04] [WARNING]: 获取群历史消息失败: get msg error: 108 msg:  
[2021-08-12 10:43:05] [ERROR]: Protocol -> get msg error: 108  
[2021-08-12 10:43:05] [WARNING]: 获取群历史消息失败: get msg error: 108 msg:  
[2021-08-12 10:43:05] [ERROR]: Protocol -> get msg error: 108  
[2021-08-12 10:43:05] [WARNING]: 获取群历史消息失败: get msg error: 108 msg:  
[2021-08-12 10:43:06] [ERROR]: Protocol -> get msg error: 108  
[2021-08-12 10:43:06] [WARNING]: 获取群历史消息失败: get msg error: 108 msg:  
[2021-08-12 10:43:07] [ERROR]: Protocol -> get msg error: 108  
[2021-08-12 10:43:07] [WARNING]: 获取群历史消息失败: get msg error: 108 msg:  
[2021-08-12 10:55:43] [ERROR]: Protocol -> get msg error: 108  
[2021-08-12 10:55:43] [WARNING]: 获取群历史消息失败: get msg error: 108 msg:  
[2021-08-12 10:55:44] [ERROR]: Protocol -> get msg error: 108  
[2021-08-12 10:55:44] [WARNING]: 获取群历史消息失败: get msg error: 108 msg:  
[2021-08-12 10:55:45] [ERROR]: Protocol -> get msg error: 108  
[2021-08-12 10:55:45] [WARNING]: 获取群历史消息失败: get msg error: 108 msg:  
[2021-08-12 10:55:46] [ERROR]: Protocol -> get msg error: 108  
[2021-08-12 10:55:46] [WARNING]: 获取群历史消息失败: get msg error: 108 msg:  
[2021-08-12 10:55:47] [ERROR]: Protocol -> get msg error: 108  
[2021-08-12 10:55:47] [WARNING]: 获取群历史消息失败: get msg error: 108 msg:  
[2021-08-12 10:57:45] [ERROR]: Protocol -> get msg error: 108  
[2021-08-12 10:57:45] [WARNING]: 获取群历史消息失败: get msg error: 108 msg:  
[2021-08-12 10:57:47] [ERROR]: Protocol -> get msg error: 108  
[2021-08-12 10:57:47] [WARNING]: 获取群历史消息失败: get msg error: 108 msg:  
[2021-08-12 10:57:48] [ERROR]: Protocol -> get msg error: 108  
[2021-08-12 10:57:48] [WARNING]: 获取群历史消息失败: get msg error: 108 msg:  
[2021-08-12 10:57:48] [ERROR]: Protocol -> get msg error: 108  
[2021-08-12 10:57:48] [WARNING]: 获取群历史消息失败: get msg error: 108 msg:  
[2021-08-12 10:57:50] [ERROR]: Protocol -> get msg error: 108  
[2021-08-12 10:57:50] [WARNING]: 获取群历史消息失败: get msg error: 108 msg:  
[2021-08-12 10:57:52] [ERROR]: Protocol -> get msg error: 108  
[2021-08-12 10:57:52] [WARNING]: 获取群历史消息失败: get msg error: 108 msg:  
[2021-08-12 10:57:52] [ERROR]: Protocol -> get msg error: 108  
[2021-08-12 10:57:52] [WARNING]: 获取群历史消息失败: get msg error: 108 msg:  
[2021-08-12 10:59:50] [ERROR]: Protocol -> get msg error: 108  
[2021-08-12 10:59:50] [WARNING]: 获取群历史消息失败: get msg error: 108 msg:  
[2021-08-12 10:59:51] [ERROR]: Protocol -> get msg error: 108  
[2021-08-12 10:59:51] [WARNING]: 获取群历史消息失败: get msg error: 108 msg:  
[2021-08-12 10:59:52] [ERROR]: Protocol -> get msg error: 108  
[2021-08-12 10:59:52] [WARNING]: 获取群历史消息失败: get msg error: 108 msg:  
[2021-08-12 10:59:53] [ERROR]: Protocol -> get msg error: 108  
[2021-08-12 10:59:53] [WARNING]: 获取群历史消息失败: get msg error: 108 msg:  
[2021-08-12 10:59:55] [ERROR]: Protocol -> get msg error: 108  
[2021-08-12 10:59:55] [WARNING]: 获取群历史消息失败: get msg error: 108 msg:  
[2021-08-12 10:59:55] [ERROR]: Protocol -> get msg error: 108  
[2021-08-12 10:59:55] [WARNING]: 获取群历史消息失败: get msg error: 108 msg:  
[2021-08-12 10:59:57] [ERROR]: Protocol -> get msg error: 108  
[2021-08-12 10:59:57] [WARNING]: 获取群历史消息失败: get msg error: 108 msg:  
[2021-08-12 11:12:47] [ERROR]: Protocol -> get msg error: 108  
[2021-08-12 11:12:47] [WARNING]: 获取群历史消息失败: get msg error: 108 msg:  
[2021-08-12 11:20:17] [ERROR]: Protocol -> get msg error: 108  
[2021-08-12 11:20:17] [WARNING]: 获取群历史消息失败: get msg error: 108 msg:  
[2021-08-12 11:20:17] [ERROR]: Protocol -> get msg error: 108  
[2021-08-12 11:20:17] [WARNING]: 获取群历史消息失败: get msg error: 108 msg:  
[2021-08-12 11:20:18] [ERROR]: Protocol -> get msg error: 108  
[2021-08-12 11:20:18] [WARNING]: 获取群历史消息失败: get msg error: 108 msg:  
[2021-08-12 11:20:18] [ERROR]: Protocol -> get msg error: 108  
[2021-08-12 11:20:18] [WARNING]: 获取群历史消息失败: get msg error: 108 msg:  
[2021-08-12 11:20:19] [ERROR]: Protocol -> get msg error: 108  
[2021-08-12 11:20:19] [WARNING]: 获取群历史消息失败: get msg error: 108 msg:  
[2021-08-12 11:20:19] [ERROR]: Protocol -> get msg error: 108  
[2021-08-12 11:20:19] [WARNING]: 获取群历史消息失败: get msg error: 108 msg:  
[2021-08-12 11:20:20] [ERROR]: Protocol -> get msg error: 108  
[2021-08-12 11:20:20] [WARNING]: 获取群历史消息失败: get msg error: 108 msg:  
[2021-08-12 11:20:20] [ERROR]: Protocol -> get msg error: 108  
[2021-08-12 11:20:20] [WARNING]: 获取群历史消息失败: get msg error: 108 msg:  
[2021-08-12 11:20:21] [ERROR]: Protocol -> get msg error: 108  
[2021-08-12 11:20:21] [WARNING]: 获取群历史消息失败: get msg error: 108 msg:  
[2021-08-12 11:20:23] [ERROR]: Protocol -> get msg error: 108  
[2021-08-12 11:20:23] [WARNING]: 获取群历史消息失败: get msg error: 108 msg:  
[2021-08-12 11:22:20] [ERROR]: Protocol -> get msg error: 108  
[2021-08-12 11:22:20] [WARNING]: 获取群历史消息失败: get msg error: 108 msg:  
[2021-08-12 11:22:21] [ERROR]: Protocol -> get msg error: 108  
[2021-08-12 11:22:21] [WARNING]: 获取群历史消息失败: get msg error: 108 msg:  
[2021-08-12 11:22:22] [ERROR]: Protocol -> get msg error: 108  
[2021-08-12 11:22:22] [WARNING]: 获取群历史消息失败: get msg error: 108 msg:  
[2021-08-12 11:22:23] [ERROR]: Protocol -> get msg error: 108  
[2021-08-12 11:22:23] [WARNING]: 获取群历史消息失败: get msg error: 108 msg:  
[2021-08-12 11:22:23] [ERROR]: Protocol -> get msg error: 108  
[2021-08-12 11:22:23] [WARNING]: 获取群历史消息失败: get msg error: 108 msg:  
[2021-08-12 11:22:24] [ERROR]: Protocol -> get msg error: 108  
[2021-08-12 11:22:24] [WARNING]: 获取群历史消息失败: get msg error: 108 msg:  
[2021-08-12 11:22:24] [ERROR]: Protocol -> get msg error: 108  
[2021-08-12 11:22:24] [WARNING]: 获取群历史消息失败: get msg error: 108 msg:  
[2021-08-12 11:22:27] [ERROR]: Protocol -> get msg error: 108  
[2021-08-12 11:22:27] [WARNING]: 获取群历史消息失败: get msg error: 108 msg:  
[2021-08-12 11:24:24] [ERROR]: Protocol -> get msg error: 108  
[2021-08-12 11:24:24] [WARNING]: 获取群历史消息失败: get msg error: 108 msg:  
[2021-08-12 11:24:25] [ERROR]: Protocol -> get msg error: 108  
[2021-08-12 11:24:25] [WARNING]: 获取群历史消息失败: get msg error: 108 msg:  
[2021-08-12 11:24:26] [ERROR]: Protocol -> get msg error: 108  
[2021-08-12 11:24:26] [WARNING]: 获取群历史消息失败: get msg error: 108 msg:  
[2021-08-12 11:24:27] [ERROR]: Protocol -> get msg error: 108  
[2021-08-12 11:24:27] [WARNING]: 获取群历史消息失败: get msg error: 108 msg:  
[2021-08-12 11:24:27] [ERROR]: Protocol -> get msg error: 108  
[2021-08-12 11:24:27] [WARNING]: 获取群历史消息失败: get msg error: 108 msg:  
[2021-08-12 11:24:28] [ERROR]: Protocol -> get msg error: 108  
[2021-08-12 11:24:28] [WARNING]: 获取群历史消息失败: get msg error: 108 msg:  
[2021-08-12 11:24:29] [ERROR]: Protocol -> get msg error: 108  
[2021-08-12 11:24:29] [WARNING]: 获取群历史消息失败: get msg error: 108 msg:  
[2021-08-12 11:24:30] [ERROR]: Protocol -> get msg error: 108  
[2021-08-12 11:24:30] [WARNING]: 获取群历史消息失败: get msg error: 108 msg:  
[2021-08-12 11:24:30] [ERROR]: Protocol -> get msg error: 108  
[2021-08-12 11:24:30] [WARNING]: 获取群历史消息失败: get msg error: 108 msg:  
[2021-08-12 11:24:31] [ERROR]: Protocol -> get msg error: 108  
[2021-08-12 11:24:31] [WARNING]: 获取群历史消息失败: get msg error: 108 msg:  
[2021-08-12 11:37:09] [ERROR]: Protocol -> get msg error: 108  
[2021-08-12 11:37:09] [WARNING]: 获取群历史消息失败: get msg error: 108 msg:  
[2021-08-12 11:37:10] [ERROR]: Protocol -> get msg error: 108  
[2021-08-12 11:37:10] [WARNING]: 获取群历史消息失败: get msg error: 108 msg:  
[2021-08-12 11:40:13] [ERROR]: Protocol -> get msg error: 108  
[2021-08-12 11:40:13] [WARNING]: 获取群历史消息失败: get msg error: 108 msg:  
[2021-08-12 11:40:13] [ERROR]: Protocol -> get msg error: 108  
[2021-08-12 11:40:13] [WARNING]: 获取群历史消息失败: get msg error: 108 msg:  
[2021-08-12 11:40:14] [ERROR]: Protocol -> get msg error: 108  
[2021-08-12 11:40:14] [WARNING]: 获取群历史消息失败: get msg error: 108 msg:  
[2021-08-12 11:40:14] [ERROR]: Protocol -> get msg error: 108  
[2021-08-12 11:40:14] [WARNING]: 获取群历史消息失败: get msg error: 108 msg:  
[2021-08-12 11:40:16] [ERROR]: Protocol -> get msg error: 108  
[2021-08-12 11:40:16] [WARNING]: 获取群历史消息失败: get msg error: 108 msg:  
[2021-08-12 11:40:17] [ERROR]: Protocol -> get msg error: 108  
[2021-08-12 11:40:17] [WARNING]: 获取群历史消息失败: get msg error: 108 msg:  
[2021-08-12 11:43:00] [ERROR]: Protocol -> get msg error: 108  
[2021-08-12 11:43:00] [WARNING]: 获取群历史消息失败: get msg error: 108 msg:  
[2021-08-12 11:43:01] [ERROR]: Protocol -> get msg error: 108  
[2021-08-12 11:43:01] [WARNING]: 获取群历史消息失败: get msg error: 108 msg:  
[2021-08-12 11:43:01] [ERROR]: Protocol -> get msg error: 108  
[2021-08-12 11:43:01] [WARNING]: 获取群历史消息失败: get msg error: 108 msg:  
[2021-08-12 11:43:03] [ERROR]: Protocol -> get msg error: 108  
[2021-08-12 11:43:03] [WARNING]: 获取群历史消息失败: get msg error: 108 msg:  
[2021-08-12 11:45:01] [ERROR]: Protocol -> get msg error: 108  
[2021-08-12 11:45:01] [WARNING]: 获取群历史消息失败: get msg error: 108 msg:  
[2021-08-12 11:45:03] [ERROR]: Protocol -> get msg error: 108  
[2021-08-12 11:45:03] [WARNING]: 获取群历史消息失败: get msg error: 108 msg:  
[2021-08-12 11:45:04] [ERROR]: Protocol -> get msg error: 108  
[2021-08-12 11:45:04] [WARNING]: 获取群历史消息失败: get msg error: 108 msg:  
[2021-08-12 11:45:05] [ERROR]: Protocol -> get msg error: 108  
[2021-08-12 11:45:05] [WARNING]: 获取群历史消息失败: get msg error: 108 msg:  
[2021-08-12 11:45:05] [ERROR]: Protocol -> get msg error: 108  
[2021-08-12 11:45:05] [WARNING]: 获取群历史消息失败: get msg error: 108 msg:  
[2021-08-12 11:45:07] [ERROR]: Protocol -> get msg error: 108  
[2021-08-12 11:45:07] [WARNING]: 获取群历史消息失败: get msg error: 108 msg:  
[2021-08-12 11:45:07] [ERROR]: Protocol -> get msg error: 108  
[2021-08-12 11:45:07] [WARNING]: 获取群历史消息失败: get msg error: 108 msg:  
[2021-08-12 11:47:07] [ERROR]: Protocol -> get msg error: 108  
[2021-08-12 11:47:07] [WARNING]: 获取群历史消息失败: get msg error: 108 msg:  
[2021-08-12 11:47:08] [ERROR]: Protocol -> get msg error: 108  
[2021-08-12 11:47:08] [WARNING]: 获取群历史消息失败: get msg error: 108 msg:  
[2021-08-12 11:47:10] [ERROR]: Protocol -> get msg error: 108  
[2021-08-12 11:47:10] [WARNING]: 获取群历史消息失败: get msg error: 108 msg:  
[2021-08-12 11:47:10] [ERROR]: Protocol -> get msg error: 108  
[2021-08-12 11:47:10] [WARNING]: 获取群历史消息失败: get msg error: 108 msg:  
[2021-08-12 11:47:12] [ERROR]: Protocol -> get msg error: 108  
[2021-08-12 11:47:12] [WARNING]: 获取群历史消息失败: get msg error: 108 msg:  
[2021-08-12 11:47:13] [ERROR]: Protocol -> get msg error: 108  
[2021-08-12 11:47:13] [WARNING]: 获取群历史消息失败: get msg error: 108 msg:  
[2021-08-12 13:40:25] [ERROR]: Protocol -> get msg error: 108  
[2021-08-12 13:40:25] [WARNING]: 获取群历史消息失败: get msg error: 108 msg:  
[2021-08-12 13:55:08] [ERROR]: Protocol -> get msg error: 108  
[2021-08-12 13:55:08] [WARNING]: 获取群历史消息失败: get msg error: 108 msg:  
[2021-08-12 14:38:05] [ERROR]: Protocol -> get msg error: 108  
[2021-08-12 14:38:05] [WARNING]: 获取群历史消息失败: get msg error: 108 msg:  
[2021-08-12 15:23:05] [ERROR]: Protocol -> get msg error: 108  
[2021-08-12 15:23:05] [WARNING]: 获取群历史消息失败: get msg error: 108 msg:  
[2021-08-12 17:11:26] [ERROR]: Protocol -> panic on decoder MultiMsg.ApplyDown : runtime error: index out of range [0] with length 0
goroutine 1566192 [running]:
runtime/debug.Stack(0x4000513b58, 0x8e3d20, 0x40003e82d0)
	runtime/debug/stack.go:24 +0x88
github.com/Mrs4s/MiraiGo/client.(*QQClient).netLoop.func1.1(0x40002c4000, 0x40009cf9f0)
	github.com/Mrs4s/MiraiGo@v0.0.0-20210726103104-1d68826cef0e/client/network.go:204 +0x50
panic(0x8e3d20, 0x40003e82d0)
	runtime/panic.go:965 +0x154
github.com/Mrs4s/MiraiGo/client.decodeMultiApplyDownResponse(0x40002c4000, 0x40002de9c0, 0x40003e5d40, 0x23d, 0x23d, 0x1, 0x4000397860, 0x0, 0x4000548898)
	github.com/Mrs4s/MiraiGo@v0.0.0-20210726103104-1d68826cef0e/client/multimsg.go:122 +0x81c
github.com/Mrs4s/MiraiGo/client.(*QQClient).netLoop.func1(0x40002c4000, 0x40009cf9f0)
	github.com/Mrs4s/MiraiGo@v0.0.0-20210726103104-1d68826cef0e/client/network.go:211 +0x148
created by github.com/Mrs4s/MiraiGo/client.(*QQClient).netLoop
	github.com/Mrs4s/MiraiGo@v0.0.0-20210726103104-1d68826cef0e/client/network.go:201 +0x324
 
[2021-08-12 17:11:53] [WARNING]: 获取群历史消息失败: Packet timed out 
[2021-08-12 18:09:09] [ERROR]: Protocol -> get msg error: 108  
[2021-08-12 18:09:09] [WARNING]: 获取群历史消息失败: get msg error: 108 msg:  
[2021-08-12 18:21:46] [ERROR]: Protocol -> get msg error: 108  
[2021-08-12 18:21:46] [WARNING]: 获取群历史消息失败: get msg error: 108 msg:  
[2021-08-12 18:42:48] [ERROR]: Protocol -> get msg error: 108  
[2021-08-12 18:42:48] [WARNING]: 获取群历史消息失败: get msg error: 108 msg:  
[2021-08-12 18:45:32] [ERROR]: Protocol -> get msg error: 108  
[2021-08-12 18:45:32] [WARNING]: 获取群历史消息失败: get msg error: 108 msg:  
[2021-08-12 20:08:02] [ERROR]: Protocol -> get msg error: 108  
[2021-08-12 20:08:02] [WARNING]: 获取群历史消息失败: get msg error: 108 msg:  
[2021-08-12 20:33:41] [ERROR]: Protocol -> get msg error: 108  
[2021-08-12 20:33:41] [WARNING]: 获取群历史消息失败: get msg error: 108 msg:  
[2021-08-12 23:11:10] [ERROR]: Protocol -> panic on decoder MultiMsg.ApplyDown : runtime error: index out of range [0] with length 0
goroutine 2026261 [running]:
runtime/debug.Stack(0x4000063b58, 0x8e3d20, 0x4000036228)
	runtime/debug/stack.go:24 +0x88
github.com/Mrs4s/MiraiGo/client.(*QQClient).netLoop.func1.1(0x40002c4000, 0x40000b40f0)
	github.com/Mrs4s/MiraiGo@v0.0.0-20210726103104-1d68826cef0e/client/network.go:204 +0x50
panic(0x8e3d20, 0x4000036228)
	runtime/panic.go:965 +0x154
github.com/Mrs4s/MiraiGo/client.decodeMultiApplyDownResponse(0x40002c4000, 0x40002de020, 0x4000386240, 0x23b, 0x23b, 0x1, 0x40000116e0, 0x0, 0x40002e9a58)
	github.com/Mrs4s/MiraiGo@v0.0.0-20210726103104-1d68826cef0e/client/multimsg.go:122 +0x81c
github.com/Mrs4s/MiraiGo/client.(*QQClient).netLoop.func1(0x40002c4000, 0x40000b40f0)
	github.com/Mrs4s/MiraiGo@v0.0.0-20210726103104-1d68826cef0e/client/network.go:211 +0x148
created by github.com/Mrs4s/MiraiGo/client.(*QQClient).netLoop
	github.com/Mrs4s/MiraiGo@v0.0.0-20210726103104-1d68826cef0e/client/network.go:201 +0x324
 
[2021-08-12 23:11:37] [WARNING]: 获取群历史消息失败: Packet timed out 
